<?xml version="1.0" encoding="UTF-8"?>
<!-- Generated by org.testng.reporters.JUnitXMLReporter -->
<testsuite ignored="0" hostname="DESKTOP-48SKRPN" failures="0" tests="3" name="Default test" time="5.425" errors="0" timestamp="2023-01-15T23:43:48 EET">
  <testcase classname="Managers.login" name="LoginAsManagerAndAddCustomer" time="1.365"/>
  <testcase classname="Managers.login" name="OpenAccount" time="0.572"/>
  <testcase classname="Managers.login" name="CustomersPage" time="0.618"/>
</testsuite> <!-- Default test -->
