<?xml version="1.0" encoding="UTF-8"?>
<!-- Generated by org.testng.reporters.JUnitXMLReporter -->
<testsuite ignored="1" hostname="DESKTOP-48SKRPN" failures="0" tests="2" name="GRP-ahmad" time="0.061" errors="0" timestamp="2023-01-15T12:56:00 EET">
  <testcase classname="Customers.login" name="TestAdding" time="0.008"/>
  <testcase classname="Customers.login" name="AAATestThree" time="0.003"/>
  <testcase classname="Customers.login" name="LoginAsCustomer" time="0.0">
    <ignored/>
  </testcase> <!-- LoginAsCustomer -->
</testsuite> <!-- GRP-ahmad -->
